Build started 12/21/2024 10:59:41 AM.
     1>Project "C:\Users\User1\Documents\Visual Studio 2012\Projects\AdvancedProject\AdvancedProject\AdvancedProject.vcxproj" on node 2 (Build target(s)).
     1>ClCompile:
         H:\Visual Studio\VC\bin\CL.exe /c /ZI /nologo /W3 /WX- /Od /Oy- /D WIN32 /D _DEBUG /D _CONSOLE /D _UNICODE /D UNICODE /Gm /EHsc /RTC1 /MDd /GS /fp:precise /Zc:wchar_t /Zc:forScope /Fo"Debug\\" /Fd"Debug\vc110.pdb" /Gd /TP /analyze- /errorReport:prompt Source.cpp
         Source.cpp
     1>c:\users\user1\documents\visual studio 2012\projects\advancedproject\advancedproject\source.cpp(30): warning C4804: '<' : unsafe use of type 'bool' in operation
     1>c:\users\user1\documents\visual studio 2012\projects\advancedproject\advancedproject\source.cpp(36): warning C4804: '<' : unsafe use of type 'bool' in operation
     1>c:\users\user1\documents\visual studio 2012\projects\advancedproject\advancedproject\source.cpp(42): warning C4804: '<' : unsafe use of type 'bool' in operation
     1>c:\users\user1\documents\visual studio 2012\projects\advancedproject\advancedproject\source.cpp(48): warning C4804: '<' : unsafe use of type 'bool' in operation
     1>c:\users\user1\documents\visual studio 2012\projects\advancedproject\advancedproject\source.cpp(81): warning C4101: 'Add4' : unreferenced local variable
     1>c:\users\user1\documents\visual studio 2012\projects\advancedproject\advancedproject\source.cpp(81): warning C4101: 'Add1' : unreferenced local variable
     1>c:\users\user1\documents\visual studio 2012\projects\advancedproject\advancedproject\source.cpp(81): warning C4101: 'Add2' : unreferenced local variable
     1>c:\users\user1\documents\visual studio 2012\projects\advancedproject\advancedproject\source.cpp(81): warning C4101: 'Add3' : unreferenced local variable
     1>c:\users\user1\documents\visual studio 2012\projects\advancedproject\advancedproject\source.cpp(245): warning C4018: '<' : signed/unsigned mismatch
     1>c:\users\user1\documents\visual studio 2012\projects\advancedproject\advancedproject\source.cpp(250): warning C4018: '<' : signed/unsigned mismatch
     1>c:\users\user1\documents\visual studio 2012\projects\advancedproject\advancedproject\source.cpp(255): warning C4018: '<' : signed/unsigned mismatch
     1>c:\users\user1\documents\visual studio 2012\projects\advancedproject\advancedproject\source.cpp(260): warning C4018: '<' : signed/unsigned mismatch
     1>c:\users\user1\documents\visual studio 2012\projects\advancedproject\advancedproject\source.cpp(273): warning C4018: '<' : signed/unsigned mismatch
     1>c:\users\user1\documents\visual studio 2012\projects\advancedproject\advancedproject\source.cpp(277): warning C4018: '<' : signed/unsigned mismatch
     1>c:\users\user1\documents\visual studio 2012\projects\advancedproject\advancedproject\source.cpp(281): warning C4018: '<' : signed/unsigned mismatch
     1>c:\users\user1\documents\visual studio 2012\projects\advancedproject\advancedproject\source.cpp(285): warning C4018: '<' : signed/unsigned mismatch
     1>c:\users\user1\documents\visual studio 2012\projects\advancedproject\advancedproject\source.cpp(297): warning C4018: '<' : signed/unsigned mismatch
     1>c:\users\user1\documents\visual studio 2012\projects\advancedproject\advancedproject\source.cpp(302): warning C4018: '<' : signed/unsigned mismatch
     1>c:\users\user1\documents\visual studio 2012\projects\advancedproject\advancedproject\source.cpp(307): warning C4018: '<' : signed/unsigned mismatch
     1>c:\users\user1\documents\visual studio 2012\projects\advancedproject\advancedproject\source.cpp(312): warning C4018: '<' : signed/unsigned mismatch
     1>c:\users\user1\documents\visual studio 2012\projects\advancedproject\advancedproject\source.cpp(331): warning C4018: '<' : signed/unsigned mismatch
     1>c:\users\user1\documents\visual studio 2012\projects\advancedproject\advancedproject\source.cpp(346): warning C4018: '<' : signed/unsigned mismatch
     1>c:\users\user1\documents\visual studio 2012\projects\advancedproject\advancedproject\source.cpp(362): warning C4018: '<' : signed/unsigned mismatch
     1>c:\users\user1\documents\visual studio 2012\projects\advancedproject\advancedproject\source.cpp(382): warning C4018: '<' : signed/unsigned mismatch
       Link:
         H:\Visual Studio\VC\bin\link.exe /ERRORREPORT:PROMPT /OUT:"C:\Users\User1\Documents\Visual Studio 2012\Projects\AdvancedProject\Debug\AdvancedProject.exe" /INCREMENTAL /NOLOGO kernel32.lib user32.lib gdi32.lib winspool.lib comdlg32.lib advapi32.lib shell32.lib ole32.lib oleaut32.lib uuid.lib odbc32.lib odbccp32.lib /MANIFEST /MANIFESTUAC:"level='asInvoker' uiAccess='false'" /manifest:embed /DEBUG /PDB:"C:\Users\User1\Documents\Visual Studio 2012\Projects\AdvancedProject\Debug\AdvancedProject.pdb" /SUBSYSTEM:CONSOLE /TLBID:1 /DYNAMICBASE /NXCOMPAT /IMPLIB:"C:\Users\User1\Documents\Visual Studio 2012\Projects\AdvancedProject\Debug\AdvancedProject.lib" /MACHINE:X86 Debug\Decoration.obj
         Debug\HardW.obj
         Debug\Inventory.obj
         Debug\Repair.obj
         Debug\SoftW.obj
         Debug\Source.obj
         AdvancedProject.vcxproj -> C:\Users\User1\Documents\Visual Studio 2012\Projects\AdvancedProject\Debug\AdvancedProject.exe
     1>Done Building Project "C:\Users\User1\Documents\Visual Studio 2012\Projects\AdvancedProject\AdvancedProject\AdvancedProject.vcxproj" (Build target(s)).

Build succeeded.

Time Elapsed 00:00:01.39
